[debug] > Exec(;reload; set _root_.org.jetbrains.sbt.StructureKeys.sbtStructureOptions in Global := "download resolveClassifiers resolveSbtClassifiers" ;preferScala2;*/*:dumpStructureTo C:/Users/Declan/AppData/Local/Temp/sbt-structure.xml; session clear-all ; set ideaPort in Global := 63910, None, None)
[debug] > Exec(reload, None, None)
[debug] > Exec(sbtStashOnFailure, None, None)
[debug] > Exec(onFailure loadFailed, None, None)
[debug] > Exec(loadp, None, None)
[info] welcome to sbt 1.9.6 (Oracle Corporation Java 19.0.1)
[debug]       Load.loadUnit: plugins took 8.3279ms
[debug]       Load.loadUnit: defsScala took 0.0032ms
[debug] [Loading] Scanning directory C:\Users\Declan\.sbt\1.0\plugins
[debug] [Loading] Found non-root projects 
[debug] [Loading] Done in C:\Users\Declan\.sbt\1.0\plugins, returning: ()
[debug] deducing auto plugins based on known facts Set(Atom(sbt.plugins.CorePlugin)) and clauses Clauses(Clause(Atom(sbt.plugins.JvmPlugin),Set(Atom(sbt.plugins.IvyPlugin)))
[debug] Clause(Atom(sbt.ScriptedPlugin),Set(Atom(sbt.plugins.JvmPlugin)))
[debug] Clause(Atom(sbt.plugins.SbtPlugin),Set(Atom(sbt.ScriptedPlugin)))
[debug] Clause(Atom(sbt.plugins.SemanticdbPlugin),Set(Atom(sbt.plugins.JvmPlugin)))
[debug] Clause(Atom(sbt.plugins.JUnitXmlReportPlugin),Set(Atom(sbt.plugins.JvmPlugin)))
[debug] Clause(Atom(sbt.plugins.MiniDependencyTreePlugin),Set(Atom(sbt.plugins.JvmPlugin)))
[debug] Clause(Atom(sbt.plugins.CorePlugin),Set(Atom(sbt.plugins.IvyPlugin)))
[debug] Clause(Atom(sbt.plugins.IvyPlugin),Set(Atom(sbt.plugins.JvmPlugin)))
[debug] Clause(Atom(sbt.plugins.JvmPlugin),Set(Atom(sbt.plugins.SemanticdbPlugin)))
[debug] Clause(Atom(sbt.plugins.JvmPlugin),Set(Atom(sbt.plugins.JUnitXmlReportPlugin)))
[debug] Clause(Atom(sbt.plugins.CorePlugin),Set(Atom(sbt.plugins.Giter8TemplatePlugin)))
[debug] Clause(Atom(sbt.plugins.JvmPlugin),Set(Atom(sbt.plugins.MiniDependencyTreePlugin))))
[debug]   :: deduced result: Matched(sbt.plugins.CorePlugin,sbt.plugins.Giter8TemplatePlugin,sbt.plugins.IvyPlugin,sbt.plugins.JvmPlugin,sbt.plugins.MiniDependencyTreePlugin,sbt.plugins.JUnitXmlReportPlugin,sbt.plugins.SemanticdbPlugin)
[debug] Plugins.deducer#function took 0.5528 ms
[debug]           Load.resolveProject(global-plugins) took 0.4657ms
[debug]         Load.loadTransitive: finalizeProject(Project(id global-plugins, base: C:\Users\Declan\.sbt\1.0\plugins, plugins: List(<none>))) took 1.2207ms
[debug] [Loading] Done in C:\Users\Declan\.sbt\1.0\plugins, returning: (global-plugins)
[debug]       Load.loadUnit: loadedProjectsRaw took 1.8905ms
[debug]       Load.loadUnit: cleanEvalClasses took 0.0113ms
[debug]     Load.loadUnit(file:/C:/Users/Declan/.sbt/1.0/plugins/, ...) took 10.8433ms
[debug]   Load.apply: load took 11.3677ms
[debug]   Load.apply: resolveProjects took 0.065ms
[debug]   Load.apply: finalTransforms took 2.3614ms
[debug]   Load.apply: config.delegates took 0.1248ms
[debug]   Load.apply: Def.make(settings)... took 28.6679ms
[debug]   Load.apply: structureIndex took 8.7403ms
[debug]   Load.apply: mkStreams took 0.0019ms
[info] loading global plugins from C:\Users\Declan\.sbt\1.0\plugins
[debug] Running task... Cancel: Signal, check cycles: false, forcegc: true
[debug] Load.defaultLoad until apply took 149.9337ms
[debug]           Load.loadUnit: plugins took 9.8086ms
[debug]           Load.loadUnit: defsScala took 0.0014ms
[debug] [Loading] Scanning directory C:\Users\Declan\IdeaProjects\declanfinalproject\project
[debug]             Load.loadUnit: mkEval took 0.1287ms
[debug] [Loading] Found non-root projects 
[debug] [Loading] Done in C:\Users\Declan\IdeaProjects\declanfinalproject\project, returning: ()
[debug] deducing auto plugins based on known facts Set(Atom(sbt.plugins.CorePlugin)) and clauses Clauses(Clause(Atom(sbt.plugins.JvmPlugin),Set(Atom(sbt.plugins.IvyPlugin)))
[debug] Clause(Atom(sbt.ScriptedPlugin),Set(Atom(sbt.plugins.JvmPlugin)))
[debug] Clause(Atom(sbt.plugins.SbtPlugin),Set(Atom(sbt.ScriptedPlugin)))
[debug] Clause(Atom(sbt.plugins.SemanticdbPlugin),Set(Atom(sbt.plugins.JvmPlugin)))
[debug] Clause(Atom(sbt.plugins.JUnitXmlReportPlugin),Set(Atom(sbt.plugins.JvmPlugin)))
[debug] Clause(Atom(sbt.plugins.MiniDependencyTreePlugin),Set(Atom(sbt.plugins.JvmPlugin)))
[debug] Clause(Atom(sbt.plugins.CorePlugin),Set(Atom(sbt.plugins.IvyPlugin)))
[debug] Clause(Atom(sbt.plugins.IvyPlugin),Set(Atom(sbt.plugins.JvmPlugin)))
[debug] Clause(Atom(sbt.plugins.JvmPlugin),Set(Atom(sbt.plugins.SemanticdbPlugin)))
[debug] Clause(Atom(sbt.plugins.JvmPlugin),Set(Atom(sbt.plugins.JUnitXmlReportPlugin)))
[debug] Clause(Atom(sbt.plugins.CorePlugin),Set(Atom(sbt.plugins.Giter8TemplatePlugin)))
[debug] Clause(Atom(sbt.plugins.JvmPlugin),Set(Atom(sbt.plugins.MiniDependencyTreePlugin))))
[debug]   :: deduced result: Matched(sbt.plugins.CorePlugin,sbt.plugins.Giter8TemplatePlugin,sbt.plugins.IvyPlugin,sbt.plugins.JvmPlugin,sbt.plugins.MiniDependencyTreePlugin,sbt.plugins.JUnitXmlReportPlugin,sbt.plugins.SemanticdbPlugin)
[debug] Plugins.deducer#function took 0.9125 ms
[info] loading settings for project declanfinalproject-build from idea.sbt ...
[debug]               Load.resolveProject(declanfinalproject-build) took 4.3448ms
[debug]             Load.loadTransitive: finalizeProject(Project(id declanfinalproject-build, base: C:\Users\Declan\IdeaProjects\declanfinalproject\project, plugins: List(<none>))) took 5.5532ms
[debug] [Loading] Done in C:\Users\Declan\IdeaProjects\declanfinalproject\project, returning: (declanfinalproject-build)
[debug]           Load.loadUnit: loadedProjectsRaw took 16.6669ms
[debug]           Load.loadUnit: cleanEvalClasses took 1.2125ms
[debug]         Load.loadUnit(file:/C:/Users/Declan/IdeaProjects/declanfinalproject/project/, ...) took 28.0419ms
[debug]       Load.apply: load took 28.6603ms
[debug]       Load.apply: resolveProjects took 0.0546ms
[debug]       Load.apply: finalTransforms took 2.2953ms
[debug]       Load.apply: config.delegates took 0.1129ms
[debug]       Load.apply: Def.make(settings)... took 19.989ms
[debug]       Load.apply: structureIndex took 6.7679ms
[debug]       Load.apply: mkStreams took 0.0016ms
[info] loading project definition from C:\Users\Declan\IdeaProjects\declanfinalproject\project
[debug] Running task... Cancel: Signal, check cycles: false, forcegc: true
[debug]     Load.loadUnit: plugins took 123.3607ms
[debug]     Load.loadUnit: defsScala took 0.0019ms
[debug] [Loading] Scanning directory C:\Users\Declan\IdeaProjects\declanfinalproject
[debug]       Load.loadUnit: mkEval took 0.126ms
[debug] [Loading] Found root project root w/ remaining 
[debug] deducing auto plugins based on known facts Set(Atom(sbt.plugins.CorePlugin)) and clauses Clauses(Clause(Atom(sbt.plugins.JvmPlugin),Set(Atom(sbt.plugins.IvyPlugin)))
[debug] Clause(Atom(sbt.ScriptedPlugin),Set(Atom(sbt.plugins.JvmPlugin)))
[debug] Clause(Atom(sbt.plugins.SbtPlugin),Set(Atom(sbt.ScriptedPlugin)))
[debug] Clause(Atom(sbt.plugins.SemanticdbPlugin),Set(Atom(sbt.plugins.JvmPlugin)))
[debug] Clause(Atom(sbt.plugins.JUnitXmlReportPlugin),Set(Atom(sbt.plugins.JvmPlugin)))
[debug] Clause(Atom(sbt.plugins.MiniDependencyTreePlugin),Set(Atom(sbt.plugins.JvmPlugin)))
[debug] Clause(Atom(org.jetbrains.sbt.StructurePlugin),Set(Atom(sbt.plugins.JvmPlugin)))
[debug] Clause(Atom(org.jetbrains.sbt.IdeaShellPlugin),Set(Atom(sbt.plugins.JvmPlugin)))
[debug] Clause(Atom(org.jetbrains.sbt.indices.SbtIntellijIndicesPlugin),Set(Atom(sbt.plugins.JvmPlugin)))
[debug] Clause(Atom(sbt.plugins.CorePlugin),Set(Atom(sbt.plugins.IvyPlugin)))
[debug] Clause(Atom(sbt.plugins.IvyPlugin),Set(Atom(sbt.plugins.JvmPlugin)))
[debug] Clause(Atom(sbt.plugins.JvmPlugin),Set(Atom(sbt.plugins.SemanticdbPlugin)))
[debug] Clause(Atom(sbt.plugins.JvmPlugin),Set(Atom(sbt.plugins.JUnitXmlReportPlugin)))
[debug] Clause(Atom(sbt.plugins.CorePlugin),Set(Atom(sbt.plugins.Giter8TemplatePlugin)))
[debug] Clause(Atom(sbt.plugins.JvmPlugin),Set(Atom(sbt.plugins.MiniDependencyTreePlugin)))
[debug] Clause(Atom(sbt.plugins.JvmPlugin),Set(Atom(org.jetbrains.sbt.StructurePlugin)))
[debug] Clause(Atom(sbt.plugins.JvmPlugin),Set(Atom(org.jetbrains.sbt.IdeaShellPlugin)))
[debug] Clause(And(Set(Atom(sbt.plugins.CorePlugin), Atom(sbt.plugins.JvmPlugin))),Set(Atom(org.jetbrains.sbt.indices.SbtIntellijIndicesPlugin))))
[debug]   :: deduced result: Matched(sbt.plugins.CorePlugin,sbt.plugins.Giter8TemplatePlugin,sbt.plugins.IvyPlugin,sbt.plugins.JvmPlugin,sbt.plugins.SemanticdbPlugin,org.jetbrains.sbt.indices.SbtIntellijIndicesPlugin,sbt.plugins.JUnitXmlReportPlugin,org.jetbrains.sbt.IdeaShellPlugin,org.jetbrains.sbt.StructurePlugin,sbt.plugins.MiniDependencyTreePlugin)
[debug] Plugins.deducer#function took 0.7773 ms
[info] loading settings for project root from build.sbt ...
[debug]         Load.resolveProject(root) took 21.5576ms
[debug]       Load.loadTransitive: finalizeProject(Project(id root, base: C:\Users\Declan\IdeaProjects\declanfinalproject, plugins: List(<none>))) took 22.6651ms
[debug] [Loading] Done in C:\Users\Declan\IdeaProjects\declanfinalproject, returning: (root)
[debug]     Load.loadUnit: loadedProjectsRaw took 50.8538ms
[debug]     Load.loadUnit: cleanEvalClasses took 7.048ms
[debug]   Load.loadUnit(file:/C:/Users/Declan/IdeaProjects/declanfinalproject/, ...) took 181.7072ms
[debug] Load.apply: load took 182.5428ms
[debug] Load.apply: resolveProjects took 0.0947ms
[debug] Load.apply: finalTransforms took 15.7137ms
[debug] Load.apply: config.delegates took 0.4035ms
[debug] Load.apply: Def.make(settings)... took 30.4872ms
[debug] Load.apply: structureIndex took 7.1457ms
[debug] Load.apply: mkStreams took 0.0027ms
[warn] Discarding 1 session setting.  Use 'session save' to persist session settings.
[info] set current project to declanfinalproject (in build file:/C:/Users/Declan/IdeaProjects/declanfinalproject/)
[debug] > Exec(sbtPopOnFailure, None, None)
[debug] > Exec(resumeFromFailure, None, None)
[debug] > Exec(set _root_.org.jetbrains.sbt.StructureKeys.sbtStructureOptions in Global := "download resolveClassifiers resolveSbtClassifiers", None, None)
[info] Defining Global / sbtStructureOptions
[info] The new value will be used by Global / ssOptions
[debug] Defining 
[debug] 	Global / sbtStructureOptions
[debug] 
[debug] The new value will be used by 
[debug] 	Global / ssOptions
[info] Reapplying settings...
[info] set current project to declanfinalproject (in build file:/C:/Users/Declan/IdeaProjects/declanfinalproject/)
[debug] > Exec(preferScala2, None, None)
[debug] > Exec(*/*:dumpStructureTo C:/Users/Declan/AppData/Local/Temp/sbt-structure.xml, None, None)
[debug] Evaluating tasks: Global / dumpStructureTo
[warn] sbt 0.13 shell syntax is deprecated; use slash syntax instead: Global / dumpStructureTo
[debug] Running task... Cancel: Signal, check cycles: false, forcegc: true
[warn] Unrecognized repository Scala Plugin Bundled Repository, ignoring it
[warn] Unrecognized repository Scala Plugin Bundled Repository, ignoring it
[warn] Unrecognized repository Scala Plugin Bundled Repository, ignoring it
[info] Writing structure to C:\Users\Declan\AppData\Local\Temp\sbt-structure.xml...
[info] Done.
[success] Total time: 1 s, completed Oct 13, 2023, 7:25:10 AM
[debug] > Exec(session clear-all, None, None)
[info] Reapplying settings...
[info] set current project to declanfinalproject (in build file:/C:/Users/Declan/IdeaProjects/declanfinalproject/)
[debug] > Exec(set ideaPort in Global := 63910, None, None)
[info] Defining Global / ideaPort
[info] The new value will be used by Compile / compile, Test / compile
[debug] Defining 
[debug] 	Global / ideaPort
[debug] 
[debug] The new value will be used by 
[debug] 	Compile / compile
[debug] 	Test / compile
[info] Reapplying settings...
[info] set current project to declanfinalproject (in build file:/C:/Users/Declan/IdeaProjects/declanfinalproject/)
[debug] > Exec(idea-shell, None, None)
[debug] > Exec(, None, None)
[debug] > Exec(idea-shell, None, None)
